Exception in thread paho-mqtt-client-:
Traceback (most recent call last):
  File "/usr/lib/python3.11/threading.py", line 1038, in _bootstrap_inner
    self.run()
  File "/usr/lib/python3.11/threading.py", line 975, in run
    self._target(*self._args, **self._kwargs)
  File "/home/linkyrpi/.venv/lib/python3.11/site-packages/paho/mqtt/client.py", line 4523, in _thread_main
    self.loop_forever(retry_first_connection=True)
  File "/home/linkyrpi/.venv/lib/python3.11/site-packages/paho/mqtt/client.py", line 2297, in loop_forever
    rc = self._loop(timeout)
         ^^^^^^^^^^^^^^^^^^^
  File "/home/linkyrpi/.venv/lib/python3.11/site-packages/paho/mqtt/client.py", line 1703, in _loop
    rc = self.loop_write()
         ^^^^^^^^^^^^^^^^^
  File "/home/linkyrpi/.venv/lib/python3.11/site-packages/paho/mqtt/client.py", line 2121, in loop_write
    rc = self._packet_write()
         ^^^^^^^^^^^^^^^^^^^^
  File "/home/linkyrpi/.venv/lib/python3.11/site-packages/paho/mqtt/client.py", line 3226, in _packet_write
    self._do_on_disconnect(
  File "/home/linkyrpi/.venv/lib/python3.11/site-packages/paho/mqtt/client.py", line 4383, in _do_on_disconnect
    on_disconnect(
TypeError: on_disconnect() takes 3 positional arguments but 5 were given
Exception in thread paho-mqtt-client-:
Traceback (most recent call last):
  File "/usr/lib/python3.11/threading.py", line 1038, in _bootstrap_inner
    self.run()
  File "/usr/lib/python3.11/threading.py", line 975, in run
    self._target(*self._args, **self._kwargs)
  File "/home/linkyrpi/.venv/lib/python3.11/site-packages/paho/mqtt/client.py", line 4523, in _thread_main
    self.loop_forever(retry_first_connection=True)
  File "/home/linkyrpi/.venv/lib/python3.11/site-packages/paho/mqtt/client.py", line 2297, in loop_forever
    rc = self._loop(timeout)
         ^^^^^^^^^^^^^^^^^^^
  File "/home/linkyrpi/.venv/lib/python3.11/site-packages/paho/mqtt/client.py", line 1686, in _loop
    rc = self.loop_read()
         ^^^^^^^^^^^^^^^^
  File "/home/linkyrpi/.venv/lib/python3.11/site-packages/paho/mqtt/client.py", line 2102, in loop_read
    return self._loop_rc_handle(rc)
           ^^^^^^^^^^^^^^^^^^^^^^^^
  File "/home/linkyrpi/.venv/lib/python3.11/site-packages/paho/mqtt/client.py", line 3047, in _loop_rc_handle
    self._do_on_disconnect(packet_from_broker=False, v1_rc=rc)
  File "/home/linkyrpi/.venv/lib/python3.11/site-packages/paho/mqtt/client.py", line 4383, in _do_on_disconnect
    on_disconnect(
TypeError: on_disconnect() takes 3 positional arguments but 5 were given
