=============================================================================
Démarrage du process listenner : 19-Oct-2025 (14:20:50.070185)
[[91mKO[0m] Probleme de decodage ligne : EASF03

E2

[92m>>[0m] PCOUP : 6000
[[92m>>[0m] PCOUP : 6000
[[92m>>[0m] PCOUP : 6000
[[92m>>[0m] PCOUP : 6000
[[92m>>[0m] PCOUP : 6000
[[92m>>[0m] PCOUP : 6000
[[92m>>[0m] PCOUP : 6000
[[92m>>[0m] PCOUP : 6000
[[92m>>[0m] PCOUP : 6000
[[92m>>[0m] PCOUP : 6000
[[92m>>[0m] PCOUP : 6000
[[92m>>[0m] PCOUP : 6000
[[92m>>[0m] PCOUP : 6000
[[92m>>[0m] PCOUP : 6000
[[92m>>[0m] PCOUP : 6000
[[92m>>[0m] PCOUP : 6000
[[92m>>[0m] PCOUP : 6000
[[92m>>[0m] PCOUP : 6000
[[92m>>[0m] PCOUP : 6000
[[92m>>[0m] PCOUP : 6000
[[92m>>[0m] PCOUP : 6000
[[92m>>[0m] PCOUP : 6000
[[92m>>[0m] PCOUP : 6000
[[92m>>[0m] PCOUP : 6000
[[92m>>[0m] PCOUP : 6000
[[92m>>[0m] PCOUP : 6000
[[92m>>[0m] PCOUP : 6000
[[92m>>[0m] PCOUP : 6000
[[92m>>[0m] PCOUP : 6000
[[92m>>[0m] PCOUP : 6000
[[92m>>[0m] PCOUP : 6000
[[92m>>[0m] PCOUP : 6000
[[92m>>[0m] PCOUP : 6000
[[92m>>[0m] PCOUP : 6000
[[92m>>[0m] PCOUP : 6000
[[92m>>[0m] PCOUP : 6000
[[92m>>[0m] PCOUP : 6000
[[92m>>[0m] PCOUP : 6000
[[92m>>[0m] PCOUP : 6000
[[92m>>[0m] PCOUP : 6000
[[92m>>[0m] PCOUP : 6000
[[92m>>[0m] PCOUP : 6000
[[92m>>[0m] PCOUP : 6000
[[92m>>[0m] PCOUP : 6000
[[92m>>[0m] PCOUP : 6000
[[92m>>[0m] PCOUP : 6000
[[92m>>[0m] PCOUP : 6000
[[92m>>[0m] PCOUP : 6000
[[92m>>[0m] PCOUP : 6000
[[92m>>[0m] PCOUP : 6000
[[92m>>[0m] PCOUP : 6000
[[92m>>[0m] PCOUP : 6000
[[92m>>[0m] PCOUP : 6000
[[92m>>[0m] PCOUP : 6000
[[92m>>[0m] PCOUP : 6000
[[92m>>[0m] PCOUP : 6000
[[92m>>[0m] PCOUP : 6000
[[92m>>[0m] PCOUP : 6000
[[92m>>[0m] PCOUP : 6000
[[92m>>[0m] PCOUP : 6000
[[92m>>[0m] PCOUP : 6000
[[92m>>[0m] PCOUP : 6000
[[92m>>[0m] PCOUP : 6000
[[92m>>[0m] PCOUP : 6000
[[92m>>[0m] PCOUP : 6000
[[92m>>[0m] PCOUP : 6000
[[92m>>[0m] PCOUP : 6000
[[92m>>[0m] PCOUP : 6000
[[92m>>[0m] PCOUP : 6000
[[92m>>[0m] PCOUP : 6000
[[92m>>[0m] PCOUP : 6000
[[92m>>[0m] PCOUP : 6000
[[92m>>[0m] PCOUP : 6000
[[92m>>[0m] PCOUP : 6000
[[92m>>[0m] PCOUP : 6000
[[92m>>[0m] PCOUP : 6000
[[92m>>[0m] PCOUP : 6000
[[92m>>[0m] PCOUP : 6000
[[92m>>[0m] PCOUP : 6000
[[92m>>[0m] PCOUP : 6000
[[92m>>[0m] PCOUP : 6000
[[92m>>[0m] PCOUP : 6000
[[92m>>[0m] PCOUP : 6000
[[92m>>[0m] PCOUP : 6000
[[92m>>[0m] PCOUP : 6000
[[92m>>[0m] PCOUP : 6000
[[92m>>[0m] PCOUP : 6000
[[92m>>[0m] PCOUP : 6000
[[92m>>[0m] PCOUP : 6000
[[92m>>[0m] PCOUP : 6000
